\BOOKMARK [0][-]{chapter.1}{Continuum Mechanics}{}% 1
\BOOKMARK [1][-]{section.1.1}{Coordinate system}{chapter.1}% 2
\BOOKMARK [2][-]{subsection.1.1.1}{Lagrangian}{section.1.1}% 3
\BOOKMARK [2][-]{subsection.1.1.2}{Eulerian}{section.1.1}% 4
\BOOKMARK [1][-]{section.1.2}{Deformation gradients}{chapter.1}% 5
\BOOKMARK [1][-]{section.1.3}{Measures of Strain and Stress}{chapter.1}% 6
\BOOKMARK [1][-]{section.1.4}{Governing Equations}{chapter.1}% 7
\BOOKMARK [2][-]{subsection.1.4.1}{Fluid}{section.1.4}% 8
\BOOKMARK [2][-]{subsection.1.4.2}{The solid}{section.1.4}% 9
\BOOKMARK [0][-]{chapter.2}{Fluid Structure Interaction}{}% 10
\BOOKMARK [1][-]{subsection.2.0.1}{Fully Eulerian}{chapter.2}% 11
\BOOKMARK [2][-]{subsection.2.0.2}{Arbitary Lagrangian Eulerian formulation}{subsection.2.0.1}% 12
\BOOKMARK [1][-]{section.2.1}{Discretization of the FSI problem}{chapter.2}% 13
\BOOKMARK [0][-]{chapter.3}{Verification and Validation}{}% 14
\BOOKMARK [1][-]{section.3.1}{Verification of Code}{chapter.3}% 15
\BOOKMARK [2][-]{subsection.3.1.1}{Fluid Problem}{section.3.1}% 16
\BOOKMARK [1][-]{section.3.2}{Validation of Code}{chapter.3}% 17
\BOOKMARK [0][-]{chapter.4}{Implementation of Fluid Structure Interaction}{}% 18
\BOOKMARK [1][-]{section.4.1}{FEniCS}{chapter.4}% 19
\BOOKMARK [2][-]{subsection.4.1.1}{DOLFIN}{section.4.1}% 20
\BOOKMARK [1][-]{section.4.2}{Implementation}{chapter.4}% 21
\BOOKMARK [2][-]{subsection.4.2.1}{Variational Form}{section.4.2}% 22
\BOOKMARK [1][-]{section.4.3}{Optimization of Newtonsolver}{chapter.4}% 23
\BOOKMARK [1][-]{section.4.4}{Consistent methods}{chapter.4}% 24
\BOOKMARK [2][-]{subsection.4.4.1}{Jacobi buffering}{section.4.4}% 25
\BOOKMARK [1][-]{section.4.5}{Non-consisten methods}{chapter.4}% 26
\BOOKMARK [2][-]{subsection.4.5.1}{Reuse of Jacobian}{section.4.5}% 27
\BOOKMARK [2][-]{subsection.4.5.2}{Quadrature reduce}{section.4.5}% 28
\BOOKMARK [0][-]{chapter.5}{Numerical Results}{}% 29
\BOOKMARK [1][-]{section.5.1}{Verification}{chapter.5}% 30
\BOOKMARK [1][-]{section.5.2}{Validation}{chapter.5}% 31
\BOOKMARK [2][-]{subsection.5.2.1}{FSI1}{section.5.2}% 32
\BOOKMARK [2][-]{subsection.5.2.2}{FSI2}{section.5.2}% 33
\BOOKMARK [2][-]{subsection.5.2.3}{FSI3}{section.5.2}% 34
\BOOKMARK [1][-]{section.5.3}{Mesh movement}{chapter.5}% 35
